<?xml version="1.0" encoding="UTF-8"?>
<!-- Generated by org.testng.reporters.JUnitXMLReporter -->
<testsuite hostname="N-20S5PF2GG0F1" ignored="1" name="Default test" tests="1" failures="0" timestamp="29 Sep 2022 03:24:05 GMT" time="8.391" errors="0">
  <testcase name="validatingcartwith1BetAddded" time="2.215" classname="com.inetBetting.testCases.TC_AddBet_001"/>
  <testcase name="validateMultipleBetsOnCart" time="0.0" classname="com.inetBetting.testCases.TC_AddBet_001">
    <ignored/>
  </testcase> <!-- validateMultipleBetsOnCart -->
</testsuite> <!-- Default test -->
